12:23:16 **** Incremental Build of configuration Debug for project testeC ****
Info: Internal Builder is used for build
gcc -O0 -g3 -Wall -c -fmessage-length=0 -o "src\\testeC.o" "..\\src\\testeC.c" 
gcc -o testeC.exe "src\\testeC.o" 
Info: Nothing to build for testeC
Info: Nothing to build for testeC
Info: Nothing to build for testeC
12:24:22 **** Incremental Build of configuration Debug for project testeC ****
Info: Internal Builder is used for build
gcc -O0 -g3 -Wall -c -fmessage-length=0 -o "src\\testeC.o" "..\\src\\testeC.c" 
gcc -o testeC.exe "src\\testeC.o" 
Info: Nothing to build for testeC
Info: Nothing to build for testeC
Info: Nothing to build for testeC
Info: Nothing to build for testeC
Info: Nothing to build for testeC
Info: Nothing to build for testeC
Info: Nothing to build for testeC
Info: Nothing to build for testeC
Info: Nothing to build for testeC
Info: Nothing to build for testeC
Info: Nothing to build for testeC
Info: Nothing to build for testeC
14:39:46 **** Incremental Build of configuration Debug for project unixDomainSocket_Client ****
Info: Internal Builder is used for build
gcc -O0 -g3 -Wall -c -fmessage-length=0 -o "src\\main.o" "..\\src\\main.c" 
..\src\main.c:8:10: fatal error: sys/socket.h: No such file or directory
    8 | #include <sys/socket.h>
      |          ^~~~~~~~~~~~~~
compilation terminated.
14:39:48 **** Incremental Build of configuration Debug for project unixDomainSocket_Server ****
Info: Internal Builder is used for build
gcc -O0 -g3 -Wall -c -fmessage-length=0 -o "src\\main.o" "..\\src\\main.c" 
..\src\main.c:7:10: fatal error: sys/socket.h: No such file or directory
    7 | #include <sys/socket.h>
      |          ^~~~~~~~~~~~~~
compilation terminated.
Info: Nothing to build for testeC
14:43:27 **** Incremental Build of configuration Debug for project unixDomainSocket_Client ****
Info: Internal Builder is used for build
gcc -O0 -g3 -Wall -c -fmessage-length=0 -o "src\\main.o" "..\\src\\main.c" 
..\src\main.c:8:10: fatal error: sys/socket.h: No such file or directory
    8 | #include <sys/socket.h>
      |          ^~~~~~~~~~~~~~
compilation terminated.
14:43:28 **** Incremental Build of configuration Debug for project unixDomainSocket_Server ****
Info: Internal Builder is used for build
gcc -O0 -g3 -Wall -c -fmessage-length=0 -o "src\\main.o" "..\\src\\main.c" 
..\src\main.c:7:10: fatal error: sys/socket.h: No such file or directory
    7 | #include <sys/socket.h>
      |          ^~~~~~~~~~~~~~
compilation terminated.
Info: Nothing to build for testeC
14:48:55 **** Incremental Build of configuration Debug for project unixDomainSocket_Client ****
Info: Internal Builder is used for build
gcc -O0 -g3 -Wall -c -fmessage-length=0 -o "src\\main.o" "..\\src\\main.c" 
..\src\main.c:8:10: fatal error: sys/socket.h: No such file or directory
    8 | #include <sys/socket.h>
      |          ^~~~~~~~~~~~~~
compilation terminated.
14:48:56 **** Incremental Build of configuration Debug for project unixDomainSocket_Server ****
Info: Internal Builder is used for build
gcc -O0 -g3 -Wall -c -fmessage-length=0 -o "src\\main.o" "..\\src\\main.c" 
..\src\main.c:7:10: fatal error: sys/socket.h: No such file or directory
    7 | #include <sys/socket.h>
      |          ^~~~~~~~~~~~~~
compilation terminated.
Info: Nothing to build for testeC
14:51:09 **** Incremental Build of configuration Debug for project unixDomainSocket_Client ****
Info: Internal Builder is used for build
gcc -O0 -g3 -Wall -c -fmessage-length=0 -o "src\\main.o" "..\\src\\main.c" 
..\src\main.c:8:10: fatal error: sys/socket.h: No such file or directory
    8 | #include <sys/socket.h>
      |          ^~~~~~~~~~~~~~
compilation terminated.
14:51:13 **** Incremental Build of configuration Debug for project unixDomainSocket_Server ****
Info: Internal Builder is used for build
gcc -O0 -g3 -Wall -c -fmessage-length=0 -o "src\\main.o" "..\\src\\main.c" 
..\src\main.c:7:10: fatal error: sys/socket.h: No such file or directory
    7 | #include <sys/socket.h>
      |          ^~~~~~~~~~~~~~
compilation terminated.
Info: Nothing to build for testeC
14:52:26 **** Incremental Build of configuration Debug for project unixDomainSocket_Client ****
Info: Internal Builder is used for build
gcc -O0 -g3 -Wall -c -fmessage-length=0 -o "src\\main.o" "..\\src\\main.c" 
..\src\main.c:8:10: fatal error: sys/socket.h: No such file or directory
    8 | #include <sys/socket.h>
      |          ^~~~~~~~~~~~~~
compilation terminated.
14:52:26 **** Incremental Build of configuration Debug for project unixDomainSocket_Server ****
Info: Internal Builder is used for build
gcc -O0 -g3 -Wall -c -fmessage-length=0 -o "src\\main.o" "..\\src\\main.c" 
..\src\main.c:7:10: fatal error: sys/socket.h: No such file or directory
    7 | #include <sys/socket.h>
      |          ^~~~~~~~~~~~~~
compilation terminated.
Info: Nothing to build for testeC
14:54:23 **** Incremental Build of configuration Debug for project unixDomainSocket_Client ****
Info: Internal Builder is used for build
gcc -O0 -g3 -Wall -c -fmessage-length=0 -o "src\\main.o" "..\\src\\main.c" 
..\src\main.c:8:10: fatal error: sys/socket.h: No such file or directory
    8 | #include <sys/socket.h>
      |          ^~~~~~~~~~~~~~
compilation terminated.
14:54:25 **** Incremental Build of configuration Debug for project unixDomainSocket_Server ****
Info: Internal Builder is used for build
gcc -O0 -g3 -Wall -c -fmessage-length=0 -o "src\\main.o" "..\\src\\main.c" 
..\src\main.c:7:10: fatal error: sys/socket.h: No such file or directory
    7 | #include <sys/socket.h>
      |          ^~~~~~~~~~~~~~
compilation terminated.
Info: Nothing to build for testeC
14:54:37 **** Incremental Build of configuration Debug for project unixDomainSocket_Client ****
Info: Internal Builder is used for build
gcc -O0 -g3 -Wall -c -fmessage-length=0 -o "src\\main.o" "..\\src\\main.c" 
..\src\main.c:8:10: fatal error: sys/socket.h: No such file or directory
    8 | #include <sys/socket.h>
      |          ^~~~~~~~~~~~~~
compilation terminated.
14:54:37 **** Incremental Build of configuration Debug for project unixDomainSocket_Server ****
Info: Internal Builder is used for build
gcc -O0 -g3 -Wall -c -fmessage-length=0 -o "src\\main.o" "..\\src\\main.c" 
..\src\main.c:7:10: fatal error: sys/socket.h: No such file or directory
    7 | #include <sys/socket.h>
      |          ^~~~~~~~~~~~~~
compilation terminated.
Info: Nothing to build for testeC
15:08:49 **** Incremental Build of configuration Debug for project unixDomainSocket_Client ****
Info: Internal Builder is used for build
gcc -O0 -g3 -Wall -c -fmessage-length=0 -o "src\\main.o" "..\\src\\main.c" 
..\src\main.c:8:10: fatal error: sys/socket.h: No such file or directory
    8 | #include <sys/socket.h>
      |          ^~~~~~~~~~~~~~
compilation terminated.
15:08:52 **** Incremental Build of configuration Debug for project unixDomainSocket_Server ****
Info: Internal Builder is used for build
gcc -O0 -g3 -Wall -c -fmessage-length=0 -o "src\\main.o" "..\\src\\main.c" 
..\src\main.c:7:10: fatal error: sys/socket.h: No such file or directory
    7 | #include <sys/socket.h>
      |          ^~~~~~~~~~~~~~
compilation terminated.
Info: Nothing to build for testeC
15:11:15 **** Incremental Build of configuration Debug for project unixDomainSocket_Client ****
Info: Internal Builder is used for build
gcc -O0 -g3 -Wall -c -fmessage-length=0 -o "src\\main.o" "..\\src\\main.c" 
..\src\main.c:8:10: fatal error: sys/socket.h: No such file or directory
    8 | #include <sys/socket.h>
      |          ^~~~~~~~~~~~~~
compilation terminated.
15:11:16 **** Incremental Build of configuration Debug for project unixDomainSocket_Server ****
Info: Internal Builder is used for build
gcc -O0 -g3 -Wall -c -fmessage-length=0 -o "src\\main.o" "..\\src\\main.c" 
..\src\main.c:7:10: fatal error: sys/socket.h: No such file or directory
    7 | #include <sys/socket.h>
      |          ^~~~~~~~~~~~~~
compilation terminated.
Info: Nothing to build for testeC
15:11:21 **** Incremental Build of configuration Debug for project unixDomainSocket_Client ****
Info: Internal Builder is used for build
gcc -O0 -g3 -Wall -c -fmessage-length=0 -o "src\\main.o" "..\\src\\main.c" 
..\src\main.c:8:10: fatal error: sys/socket.h: No such file or directory
    8 | #include <sys/socket.h>
      |          ^~~~~~~~~~~~~~
compilation terminated.
15:11:21 **** Incremental Build of configuration Debug for project unixDomainSocket_Server ****
Info: Internal Builder is used for build
gcc -O0 -g3 -Wall -c -fmessage-length=0 -o "src\\main.o" "..\\src\\main.c" 
..\src\main.c:7:10: fatal error: sys/socket.h: No such file or directory
    7 | #include <sys/socket.h>
      |          ^~~~~~~~~~~~~~
compilation terminated.
